<?xml version="1.0" encoding="UTF-8"?>
<!-- Generated by org.testng.reporters.JUnitXMLReporter -->
<testsuite hostname="DESKTOP-V12SF19" ignored="0" name="ijmeet on firefox" tests="2" failures="0" timestamp="30 May 2021 14:47:10 GMT" time="5.489" errors="0">
  <testcase name="@BeforeMethod setUpTest" time="5.363" classname="com.mytests.BaseTest">
    <failure type="java.lang.NoClassDefFoundError" message="org/openqa/selenium/os/WindowsUtils">
      <![CDATA[java.lang.NoClassDefFoundError: org/openqa/selenium/os/WindowsUtils
at org.openqa.selenium.firefox.FirefoxBinary.locateFirefoxBinariesFromPlatform(FirefoxBinary.java:403)
at org.openqa.selenium.firefox.FirefoxBinary.<init>(FirefoxBinary.java:109)
at java.util.Optional.orElseGet(Optional.java:267)
at org.openqa.selenium.firefox.FirefoxOptions.getBinary(FirefoxOptions.java:216)
at org.openqa.selenium.firefox.FirefoxDriver.toExecutor(FirefoxDriver.java:165)
at org.openqa.selenium.firefox.FirefoxDriver.<init>(FirefoxDriver.java:125)
at org.openqa.selenium.firefox.FirefoxDriver.<init>(FirefoxDriver.java:103)
at com.mytests.BaseTest.setUpTest(BaseTest.java:26)
Caused by: java.lang.ClassNotFoundException: org.openqa.selenium.os.WindowsUtils
at java.net.URLClassLoader.findClass(URLClassLoader.java:382)
at java.lang.ClassLoader.loadClass(ClassLoader.java:418)
at sun.misc.Launcher$AppClassLoader.loadClass(Launcher.java:355)
at java.lang.ClassLoader.loadClass(ClassLoader.java:351)
... 36 more
... Removed 28 stack frames]]>
    </failure>
  </testcase> <!-- @BeforeMethod setUpTest -->
  <testcase name="@AfterMethod teardown" time="0.0" classname="com.mytests.BaseTest">
    <skipped/>
  </testcase> <!-- @AfterMethod teardown -->
  <testcase name="@BeforeMethod setUpTest" time="0.0" classname="com.mytests.BaseTest">
    <skipped/>
  </testcase> <!-- @BeforeMethod setUpTest -->
  <testcase name="@AfterMethod teardown" time="0.0" classname="com.mytests.BaseTest">
    <skipped/>
  </testcase> <!-- @AfterMethod teardown -->
  <testcase name="doLogin" time="0.0" classname="com.mytests.LoginTest">
    <skipped/>
  </testcase> <!-- doLogin -->
  <testcase name="verifyLoginPageUrl" time="0.0" classname="com.mytests.LoginTest">
    <skipped/>
  </testcase> <!-- verifyLoginPageUrl -->
</testsuite> <!-- ijmeet on firefox -->
